<?xml version="1.0" encoding="UTF-8"?>
<!-- Generated by org.testng.reporters.JUnitReportReporter -->
<testsuite hostname="MoodyStar-PC" name="SmokeTest" tests="7" failures="0" timestamp="7 Oct 2015 15:36:46 GMT" time="48.261" errors="0">
  <testcase name="validCredentials" time="4.707" classname="SmokeTest"/>
  <testcase name="search_Product" time="5.195" classname="SmokeTest"/>
  <testcase name="ShoppingCart_Carrier" time="3.746" classname="SmokeTest"/>
  <testcase name="DeleteItem" time="3.160" classname="SmokeTest"/>
  <testcase name="ShoppingCart_Payment" time="13.842" classname="SmokeTest"/>
  <testcase name="ShoppingCart_Summary" time="2.998" classname="SmokeTest"/>
  <testcase name="ShoppingCart_Address" time="14.613" classname="SmokeTest"/>
</testsuite> <!-- SmokeTest -->
